# JRE version: OpenJDK Runtime Environment (8.0_212-b04) (build 1.8.0_212-release-1586-b04)
# Java VM: OpenJDK 64-Bit Server VM (25.212-b04 mixed mode windows-amd64 compressed oops)
Heap:
 PSYoungGen      total 125440K, used 92825K [0x00000000e0000000, 0x00000000e8800000, 0x0000000100000000)
  eden space 112640K, 71% used [0x00000000e0000000,0x00000000e4e28a88,0x00000000e6e00000)
  from space 12800K, 99% used [0x00000000e7b80000,0x00000000e87fdc48,0x00000000e8800000)
  to   space 10240K, 0% used [0x00000000e7180000,0x00000000e7180000,0x00000000e7b80000)
 ParOldGen       total 112128K, used 18107K [0x00000000a0000000, 0x00000000a6d80000, 0x00000000e0000000)
  object space 112128K, 16% used [0x00000000a0000000,0x00000000a11aecf0,0x00000000a6d80000)
 Metaspace       used 47345K, capacity 48750K, committed 48984K, reserved 1091584K
  class space    used 6375K, capacity 6763K, committed 6784K, reserved 1048576K
GC Heap History (10 events):
Event: 10.710 GC heap before
{Heap before GC invocations=6 (full 1):
 PSYoungGen      total 76288K, used 74081K [0x00000000e0000000, 0x00000000e5500000, 0x0000000100000000)
  eden space 65536K, 100% used [0x00000000e0000000,0x00000000e4000000,0x00000000e4000000)
  from space 10752K, 79% used [0x00000000e4a80000,0x00000000e52d84d8,0x00000000e5500000)
  to   space 10752K, 0% used [0x00000000e4000000,0x00000000e4000000,0x00000000e4a80000)
 ParOldGen       total 80384K, used 12345K [0x00000000a0000000, 0x00000000a4e80000, 0x00000000e0000000)
  object space 80384K, 15% used [0x00000000a0000000,0x00000000a0c0e548,0x00000000a4e80000)
 Metaspace       used 31163K, capacity 31668K, committed 32128K, reserved 1077248K
  class space    used 4264K, capacity 4434K, committed 4480K, reserved 1048576K
Event: 10.717 GC heap after
Heap after GC invocations=6 (full 1):
 PSYoungGen      total 76288K, used 9183K [0x00000000e0000000, 0x00000000e8c00000, 0x0000000100000000)
  eden space 65536K, 0% used [0x00000000e0000000,0x00000000e0000000,0x00000000e4000000)
  from space 10752K, 85% used [0x00000000e4000000,0x00000000e48f7ec0,0x00000000e4a80000)
  to   space 13312K, 0% used [0x00000000e7f00000,0x00000000e7f00000,0x00000000e8c00000)
 ParOldGen       total 80384K, used 12353K [0x00000000a0000000, 0x00000000a4e80000, 0x00000000e0000000)
  object space 80384K, 15% used [0x00000000a0000000,0x00000000a0c10548,0x00000000a4e80000)
 Metaspace       used 31163K, capacity 31668K, committed 32128K, reserved 1077248K
  class space    used 4264K, capacity 4434K, committed 4480K, reserved 1048576K
}
Event: 11.489 GC heap before
{Heap before GC invocations=7 (full 1):
 PSYoungGen      total 76288K, used 74719K [0x00000000e0000000, 0x00000000e8c00000, 0x0000000100000000)
  eden space 65536K, 100% used [0x00000000e0000000,0x00000000e4000000,0x00000000e4000000)
  from space 10752K, 85% used [0x00000000e4000000,0x00000000e48f7ec0,0x00000000e4a80000)
  to   space 13312K, 0% used [0x00000000e7f00000,0x00000000e7f00000,0x00000000e8c00000)
 ParOldGen       total 80384K, used 12353K [0x00000000a0000000, 0x00000000a4e80000, 0x00000000e0000000)
  object space 80384K, 15% used [0x00000000a0000000,0x00000000a0c10548,0x00000000a4e80000)
 Metaspace       used 34116K, capacity 34824K, committed 35200K, reserved 1079296K
  class space    used 4672K, capacity 4868K, committed 4992K, reserved 1048576K
Event: 11.495 GC heap after
Heap after GC invocations=7 (full 1):
 PSYoungGen      total 129536K, used 11129K [0x00000000e0000000, 0x00000000e8c80000, 0x0000000100000000)
  eden space 116224K, 0% used [0x00000000e0000000,0x00000000e0000000,0x00000000e7180000)
  from space 13312K, 83% used [0x00000000e7f00000,0x00000000e89de7a8,0x00000000e8c00000)
  to   space 13824K, 0% used [0x00000000e7180000,0x00000000e7180000,0x00000000e7f00000)
 ParOldGen       total 80384K, used 12361K [0x00000000a0000000, 0x00000000a4e80000, 0x00000000e0000000)
  object space 80384K, 15% used [0x00000000a0000000,0x00000000a0c12548,0x00000000a4e80000)
 Metaspace       used 34116K, capacity 34824K, committed 35200K, reserved 1079296K
  class space    used 4672K, capacity 4868K, committed 4992K, reserved 1048576K
}
Event: 17.278 GC heap before
{Heap before GC invocations=8 (full 1):
 PSYoungGen      total 129536K, used 24321K [0x00000000e0000000, 0x00000000e8c80000, 0x0000000100000000)
  eden space 116224K, 11% used [0x00000000e0000000,0x00000000e0ce1c70,0x00000000e7180000)
  from space 13312K, 83% used [0x00000000e7f00000,0x00000000e89de7a8,0x00000000e8c00000)
  to   space 13824K, 0% used [0x00000000e7180000,0x00000000e7180000,0x00000000e7f00000)
 ParOldGen       total 80384K, used 12361K [0x00000000a0000000, 0x00000000a4e80000, 0x00000000e0000000)
  object space 80384K, 15% used [0x00000000a0000000,0x00000000a0c12548,0x00000000a4e80000)
 Metaspace       used 34415K, capacity 35338K, committed 35416K, reserved 1079296K
  class space    used 4716K, capacity 4948K, committed 4992K, reserved 1048576K
Event: 17.282 GC heap after
Heap after GC invocations=8 (full 1):
 PSYoungGen      total 122880K, used 9950K [0x00000000e0000000, 0x00000000e8800000, 0x0000000100000000)
  eden space 112640K, 0% used [0x00000000e0000000,0x00000000e0000000,0x00000000e6e00000)
  from space 10240K, 97% used [0x00000000e7180000,0x00000000e7b37bd0,0x00000000e7b80000)
  to   space 12800K, 0% used [0x00000000e7b80000,0x00000000e7b80000,0x00000000e8800000)
 ParOldGen       total 80384K, used 12369K [0x00000000a0000000, 0x00000000a4e80000, 0x00000000e0000000)
  object space 80384K, 15% used [0x00000000a0000000,0x00000000a0c14548,0x00000000a4e80000)
 Metaspace       used 34415K, capacity 35338K, committed 35416K, reserved 1079296K
  class space    used 4716K, capacity 4948K, committed 4992K, reserved 1048576K
}
Event: 17.282 GC heap before
{Heap before GC invocations=9 (full 2):
 PSYoungGen      total 122880K, used 9950K [0x00000000e0000000, 0x00000000e8800000, 0x0000000100000000)
  eden space 112640K, 0% used [0x00000000e0000000,0x00000000e0000000,0x00000000e6e00000)
  from space 10240K, 97% used [0x00000000e7180000,0x00000000e7b37bd0,0x00000000e7b80000)
  to   space 12800K, 0% used [0x00000000e7b80000,0x00000000e7b80000,0x00000000e8800000)
 ParOldGen       total 80384K, used 12369K [0x00000000a0000000, 0x00000000a4e80000, 0x00000000e0000000)
  object space 80384K, 15% used [0x00000000a0000000,0x00000000a0c14548,0x00000000a4e80000)
 Metaspace       used 34415K, capacity 35338K, committed 35416K, reserved 1079296K
  class space    used 4716K, capacity 4948K, committed 4992K, reserved 1048576K
Event: 17.337 GC heap after
Heap after GC invocations=9 (full 2):
 PSYoungGen      total 122880K, used 0K [0x00000000e0000000, 0x00000000e8800000, 0x0000000100000000)
  eden space 112640K, 0% used [0x00000000e0000000,0x00000000e0000000,0x00000000e6e00000)
  from space 10240K, 0% used [0x00000000e7180000,0x00000000e7180000,0x00000000e7b80000)
  to   space 12800K, 0% used [0x00000000e7b80000,0x00000000e7b80000,0x00000000e8800000)
 ParOldGen       total 112128K, used 16955K [0x00000000a0000000, 0x00000000a6d80000, 0x00000000e0000000)
  object space 112128K, 15% used [0x00000000a0000000,0x00000000a108ed38,0x00000000a6d80000)
 Metaspace       used 34399K, capacity 35284K, committed 35416K, reserved 1079296K
  class space    used 4711K, capacity 4939K, committed 4992K, reserved 1048576K
}
Event: 18.475 GC heap before
{Heap before GC invocations=10 (full 2):
 PSYoungGen      total 122880K, used 112640K [0x00000000e0000000, 0x00000000e8800000, 0x0000000100000000)
  eden space 112640K, 100% used [0x00000000e0000000,0x00000000e6e00000,0x00000000e6e00000)
  from space 10240K, 0% used [0x00000000e7180000,0x00000000e7180000,0x00000000e7b80000)
  to   space 12800K, 0% used [0x00000000e7b80000,0x00000000e7b80000,0x00000000e8800000)
 ParOldGen       total 112128K, used 16955K [0x00000000a0000000, 0x00000000a6d80000, 0x00000000e0000000)
  object space 112128K, 15% used [0x00000000a0000000,0x00000000a108ed38,0x00000000a6d80000)
 Metaspace       used 45146K, capacity 46332K, committed 46552K, reserved 1089536K
  class space    used 6044K, capacity 6341K, committed 6400K, reserved 1048576K
Event: 18.481 GC heap after
Heap after GC invocations=10 (full 2):
 PSYoungGen      total 125440K, used 12791K [0x00000000e0000000, 0x00000000e8800000, 0x0000000100000000)
  eden space 112640K, 0% used [0x00000000e0000000,0x00000000e0000000,0x00000000e6e00000)
  from space 12800K, 99% used [0x00000000e7b80000,0x00000000e87fdc48,0x00000000e8800000)
  to   space 10240K, 0% used [0x00000000e7180000,0x00000000e7180000,0x00000000e7b80000)
 ParOldGen       total 112128K, used 18107K [0x00000000a0000000, 0x00000000a6d80000, 0x00000000e0000000)
  object space 112128K, 16% used [0x00000000a0000000,0x00000000a11aecf0,0x00000000a6d80000)
 Metaspace       used 45146K, capacity 46332K, committed 46552K, reserved 1089536K
  class space    used 6044K, capacity 6341K, committed 6400K, reserved 1048576K
}

