# JRE version: OpenJDK Runtime Environment (8.0_212-b04) (build 1.8.0_212-release-1586-b04)
# Java VM: OpenJDK 64-Bit Server VM (25.212-b04 mixed mode windows-amd64 compressed oops)
Heap:
 PSYoungGen      total 112640K, used 59554K [0x00000000e0000000, 0x00000000eb880000, 0x0000000100000000)
  eden space 98816K, 60% used [0x00000000e0000000,0x00000000e3a28be0,0x00000000e6080000)
  from space 13824K, 0% used [0x00000000e6080000,0x00000000e6080000,0x00000000e6e00000)
  to   space 13312K, 0% used [0x00000000eab80000,0x00000000eab80000,0x00000000eb880000)
 ParOldGen       total 176640K, used 17096K [0x00000000a0000000, 0x00000000aac80000, 0x00000000e0000000)
  object space 176640K, 9% used [0x00000000a0000000,0x00000000a10b2040,0x00000000aac80000)
 Metaspace       used 41681K, capacity 42780K, committed 43048K, reserved 1087488K
  class space    used 5610K, capacity 5915K, committed 5928K, reserved 1048576K
GC Heap History (10 events):
Event: 2.834 GC heap before
{Heap before GC invocations=5 (full 1):
 PSYoungGen      total 76288K, used 65536K [0x00000000e0000000, 0x00000000e5500000, 0x0000000100000000)
  eden space 65536K, 100% used [0x00000000e0000000,0x00000000e4000000,0x00000000e4000000)
  from space 10752K, 0% used [0x00000000e4000000,0x00000000e4000000,0x00000000e4a80000)
  to   space 10752K, 0% used [0x00000000e4a80000,0x00000000e4a80000,0x00000000e5500000)
 ParOldGen       total 115200K, used 12345K [0x00000000a0000000, 0x00000000a7080000, 0x00000000e0000000)
  object space 115200K, 10% used [0x00000000a0000000,0x00000000a0c0e718,0x00000000a7080000)
 Metaspace       used 27931K, capacity 28470K, committed 28848K, reserved 1075200K
  class space    used 3815K, capacity 4008K, committed 4016K, reserved 1048576K
Event: 2.840 GC heap after
Heap after GC invocations=5 (full 1):
 PSYoungGen      total 76288K, used 8439K [0x00000000e0000000, 0x00000000e7400000, 0x0000000100000000)
  eden space 65536K, 0% used [0x00000000e0000000,0x00000000e0000000,0x00000000e4000000)
  from space 10752K, 78% used [0x00000000e4a80000,0x00000000e52bdfa0,0x00000000e5500000)
  to   space 10752K, 0% used [0x00000000e4000000,0x00000000e4000000,0x00000000e4a80000)
 ParOldGen       total 115200K, used 12353K [0x00000000a0000000, 0x00000000a7080000, 0x00000000e0000000)
  object space 115200K, 10% used [0x00000000a0000000,0x00000000a0c10718,0x00000000a7080000)
 Metaspace       used 27931K, capacity 28470K, committed 28848K, reserved 1075200K
  class space    used 3815K, capacity 4008K, committed 4016K, reserved 1048576K
}
Event: 3.178 GC heap before
{Heap before GC invocations=6 (full 1):
 PSYoungGen      total 76288K, used 73975K [0x00000000e0000000, 0x00000000e7400000, 0x0000000100000000)
  eden space 65536K, 100% used [0x00000000e0000000,0x00000000e4000000,0x00000000e4000000)
  from space 10752K, 78% used [0x00000000e4a80000,0x00000000e52bdfa0,0x00000000e5500000)
  to   space 10752K, 0% used [0x00000000e4000000,0x00000000e4000000,0x00000000e4a80000)
 ParOldGen       total 115200K, used 12353K [0x00000000a0000000, 0x00000000a7080000, 0x00000000e0000000)
  object space 115200K, 10% used [0x00000000a0000000,0x00000000a0c10718,0x00000000a7080000)
 Metaspace       used 31141K, capacity 31668K, committed 32176K, reserved 1077248K
  class space    used 4262K, capacity 4434K, committed 4528K, reserved 1048576K
Event: 3.184 GC heap after
Heap after GC invocations=6 (full 1):
 PSYoungGen      total 76288K, used 9211K [0x00000000e0000000, 0x00000000e7b00000, 0x0000000100000000)
  eden space 65536K, 0% used [0x00000000e0000000,0x00000000e0000000,0x00000000e4000000)
  from space 10752K, 85% used [0x00000000e4000000,0x00000000e48fed60,0x00000000e4a80000)
  to   space 13312K, 0% used [0x00000000e6e00000,0x00000000e6e00000,0x00000000e7b00000)
 ParOldGen       total 115200K, used 12361K [0x00000000a0000000, 0x00000000a7080000, 0x00000000e0000000)
  object space 115200K, 10% used [0x00000000a0000000,0x00000000a0c12718,0x00000000a7080000)
 Metaspace       used 31141K, capacity 31668K, committed 32176K, reserved 1077248K
  class space    used 4262K, capacity 4434K, committed 4528K, reserved 1048576K
}
Event: 3.572 GC heap before
{Heap before GC invocations=7 (full 1):
 PSYoungGen      total 76288K, used 74747K [0x00000000e0000000, 0x00000000e7b00000, 0x0000000100000000)
  eden space 65536K, 100% used [0x00000000e0000000,0x00000000e4000000,0x00000000e4000000)
  from space 10752K, 85% used [0x00000000e4000000,0x00000000e48fed60,0x00000000e4a80000)
  to   space 13312K, 0% used [0x00000000e6e00000,0x00000000e6e00000,0x00000000e7b00000)
 ParOldGen       total 115200K, used 12361K [0x00000000a0000000, 0x00000000a7080000, 0x00000000e0000000)
  object space 115200K, 10% used [0x00000000a0000000,0x00000000a0c12718,0x00000000a7080000)
 Metaspace       used 34137K, capacity 34912K, committed 35120K, reserved 1079296K
  class space    used 4679K, capacity 4872K, committed 4912K, reserved 1048576K
Event: 3.578 GC heap after
Heap after GC invocations=7 (full 1):
 PSYoungGen      total 112128K, used 11414K [0x00000000e0000000, 0x00000000e7e00000, 0x0000000100000000)
  eden space 98816K, 0% used [0x00000000e0000000,0x00000000e0000000,0x00000000e6080000)
  from space 13312K, 85% used [0x00000000e6e00000,0x00000000e7925848,0x00000000e7b00000)
  to   space 13824K, 0% used [0x00000000e6080000,0x00000000e6080000,0x00000000e6e00000)
 ParOldGen       total 115200K, used 12369K [0x00000000a0000000, 0x00000000a7080000, 0x00000000e0000000)
  object space 115200K, 10% used [0x00000000a0000000,0x00000000a0c14718,0x00000000a7080000)
 Metaspace       used 34137K, capacity 34912K, committed 35120K, reserved 1079296K
  class space    used 4679K, capacity 4872K, committed 4912K, reserved 1048576K
}
Event: 3.695 GC heap before
{Heap before GC invocations=8 (full 1):
 PSYoungGen      total 112128K, used 21859K [0x00000000e0000000, 0x00000000e7e00000, 0x0000000100000000)
  eden space 98816K, 10% used [0x00000000e0000000,0x00000000e0a33590,0x00000000e6080000)
  from space 13312K, 85% used [0x00000000e6e00000,0x00000000e7925848,0x00000000e7b00000)
  to   space 13824K, 0% used [0x00000000e6080000,0x00000000e6080000,0x00000000e6e00000)
 ParOldGen       total 115200K, used 12369K [0x00000000a0000000, 0x00000000a7080000, 0x00000000e0000000)
  object space 115200K, 10% used [0x00000000a0000000,0x00000000a0c14718,0x00000000a7080000)
 Metaspace       used 34473K, capacity 35400K, committed 35496K, reserved 1079296K
  class space    used 4729K, capacity 4990K, committed 5032K, reserved 1048576K
Event: 3.700 GC heap after
Heap after GC invocations=8 (full 1):
 PSYoungGen      total 112640K, used 10034K [0x00000000e0000000, 0x00000000eb880000, 0x0000000100000000)
  eden space 98816K, 0% used [0x00000000e0000000,0x00000000e0000000,0x00000000e6080000)
  from space 13824K, 72% used [0x00000000e6080000,0x00000000e6a4cb08,0x00000000e6e00000)
  to   space 13312K, 0% used [0x00000000eab80000,0x00000000eab80000,0x00000000eb880000)
 ParOldGen       total 115200K, used 12377K [0x00000000a0000000, 0x00000000a7080000, 0x00000000e0000000)
  object space 115200K, 10% used [0x00000000a0000000,0x00000000a0c16718,0x00000000a7080000)
 Metaspace       used 34473K, capacity 35400K, committed 35496K, reserved 1079296K
  class space    used 4729K, capacity 4990K, committed 5032K, reserved 1048576K
}
Event: 3.700 GC heap before
{Heap before GC invocations=9 (full 2):
 PSYoungGen      total 112640K, used 10034K [0x00000000e0000000, 0x00000000eb880000, 0x0000000100000000)
  eden space 98816K, 0% used [0x00000000e0000000,0x00000000e0000000,0x00000000e6080000)
  from space 13824K, 72% used [0x00000000e6080000,0x00000000e6a4cb08,0x00000000e6e00000)
  to   space 13312K, 0% used [0x00000000eab80000,0x00000000eab80000,0x00000000eb880000)
 ParOldGen       total 115200K, used 12377K [0x00000000a0000000, 0x00000000a7080000, 0x00000000e0000000)
  object space 115200K, 10% used [0x00000000a0000000,0x00000000a0c16718,0x00000000a7080000)
 Metaspace       used 34473K, capacity 35400K, committed 35496K, reserved 1079296K
  class space    used 4729K, capacity 4990K, committed 5032K, reserved 1048576K
Event: 3.759 GC heap after
Heap after GC invocations=9 (full 2):
 PSYoungGen      total 112640K, used 0K [0x00000000e0000000, 0x00000000eb880000, 0x0000000100000000)
  eden space 98816K, 0% used [0x00000000e0000000,0x00000000e0000000,0x00000000e6080000)
  from space 13824K, 0% used [0x00000000e6080000,0x00000000e6080000,0x00000000e6e00000)
  to   space 13312K, 0% used [0x00000000eab80000,0x00000000eab80000,0x00000000eb880000)
 ParOldGen       total 176640K, used 17096K [0x00000000a0000000, 0x00000000aac80000, 0x00000000e0000000)
  object space 176640K, 9% used [0x00000000a0000000,0x00000000a10b2040,0x00000000aac80000)
 Metaspace       used 34449K, capacity 35322K, committed 35496K, reserved 1079296K
  class space    used 4721K, capacity 4977K, committed 5032K, reserved 1048576K
}

