# JRE version: OpenJDK Runtime Environment (8.0_212-b04) (build 1.8.0_212-release-1586-b04)
# Java VM: OpenJDK 64-Bit Server VM (25.212-b04 mixed mode windows-amd64 compressed oops)
Heap:
 PSYoungGen      total 111616K, used 109238K [0x00000000e0000000, 0x00000000e7e80000, 0x0000000100000000)
  eden space 98304K, 97% used [0x00000000e0000000,0x00000000e5db3248,0x00000000e6000000)
  from space 13312K, 99% used [0x00000000e6d80000,0x00000000e7a7a7a0,0x00000000e7a80000)
  to   space 13824K, 0% used [0x00000000e6000000,0x00000000e6000000,0x00000000e6d80000)
 ParOldGen       total 115712K, used 17423K [0x00000000a0000000, 0x00000000a7100000, 0x00000000e0000000)
  object space 115712K, 15% used [0x00000000a0000000,0x00000000a1103e40,0x00000000a7100000)
 Metaspace       used 48133K, capacity 49686K, committed 49960K, reserved 1091584K
  class space    used 6469K, capacity 6891K, committed 6952K, reserved 1048576K
GC Heap History (10 events):
Event: 3.202 GC heap before
{Heap before GC invocations=6 (full 1):
 PSYoungGen      total 76288K, used 73934K [0x00000000e0000000, 0x00000000e7280000, 0x0000000100000000)
  eden space 65536K, 100% used [0x00000000e0000000,0x00000000e4000000,0x00000000e4000000)
  from space 10752K, 78% used [0x00000000e4a80000,0x00000000e52b38a0,0x00000000e5500000)
  to   space 10752K, 0% used [0x00000000e4000000,0x00000000e4000000,0x00000000e4a80000)
 ParOldGen       total 115712K, used 12354K [0x00000000a0000000, 0x00000000a7100000, 0x00000000e0000000)
  object space 115712K, 10% used [0x00000000a0000000,0x00000000a0c109b8,0x00000000a7100000)
 Metaspace       used 31148K, capacity 31668K, committed 32176K, reserved 1077248K
  class space    used 4262K, capacity 4434K, committed 4528K, reserved 1048576K
Event: 3.207 GC heap after
Heap after GC invocations=6 (full 1):
 PSYoungGen      total 76288K, used 9231K [0x00000000e0000000, 0x00000000e7a80000, 0x0000000100000000)
  eden space 65536K, 0% used [0x00000000e0000000,0x00000000e0000000,0x00000000e4000000)
  from space 10752K, 85% used [0x00000000e4000000,0x00000000e4903f48,0x00000000e4a80000)
  to   space 13312K, 0% used [0x00000000e6d80000,0x00000000e6d80000,0x00000000e7a80000)
 ParOldGen       total 115712K, used 12362K [0x00000000a0000000, 0x00000000a7100000, 0x00000000e0000000)
  object space 115712K, 10% used [0x00000000a0000000,0x00000000a0c129b8,0x00000000a7100000)
 Metaspace       used 31148K, capacity 31668K, committed 32176K, reserved 1077248K
  class space    used 4262K, capacity 4434K, committed 4528K, reserved 1048576K
}
Event: 3.581 GC heap before
{Heap before GC invocations=7 (full 1):
 PSYoungGen      total 76288K, used 74767K [0x00000000e0000000, 0x00000000e7a80000, 0x0000000100000000)
  eden space 65536K, 100% used [0x00000000e0000000,0x00000000e4000000,0x00000000e4000000)
  from space 10752K, 85% used [0x00000000e4000000,0x00000000e4903f48,0x00000000e4a80000)
  to   space 13312K, 0% used [0x00000000e6d80000,0x00000000e6d80000,0x00000000e7a80000)
 ParOldGen       total 115712K, used 12362K [0x00000000a0000000, 0x00000000a7100000, 0x00000000e0000000)
  object space 115712K, 10% used [0x00000000a0000000,0x00000000a0c129b8,0x00000000a7100000)
 Metaspace       used 34145K, capacity 34918K, committed 35120K, reserved 1079296K
  class space    used 4680K, capacity 4873K, committed 4912K, reserved 1048576K
Event: 3.588 GC heap after
Heap after GC invocations=7 (full 1):
 PSYoungGen      total 111616K, used 11357K [0x00000000e0000000, 0x00000000e7e80000, 0x0000000100000000)
  eden space 98304K, 0% used [0x00000000e0000000,0x00000000e0000000,0x00000000e6000000)
  from space 13312K, 85% used [0x00000000e6d80000,0x00000000e78975f0,0x00000000e7a80000)
  to   space 13824K, 0% used [0x00000000e6000000,0x00000000e6000000,0x00000000e6d80000)
 ParOldGen       total 115712K, used 12370K [0x00000000a0000000, 0x00000000a7100000, 0x00000000e0000000)
  object space 115712K, 10% used [0x00000000a0000000,0x00000000a0c149b8,0x00000000a7100000)
 Metaspace       used 34145K, capacity 34918K, committed 35120K, reserved 1079296K
  class space    used 4680K, capacity 4873K, committed 4912K, reserved 1048576K
}
Event: 3.705 GC heap before
{Heap before GC invocations=8 (full 1):
 PSYoungGen      total 111616K, used 21742K [0x00000000e0000000, 0x00000000e7e80000, 0x0000000100000000)
  eden space 98304K, 10% used [0x00000000e0000000,0x00000000e0a24240,0x00000000e6000000)
  from space 13312K, 85% used [0x00000000e6d80000,0x00000000e78975f0,0x00000000e7a80000)
  to   space 13824K, 0% used [0x00000000e6000000,0x00000000e6000000,0x00000000e6d80000)
 ParOldGen       total 115712K, used 12370K [0x00000000a0000000, 0x00000000a7100000, 0x00000000e0000000)
  object space 115712K, 10% used [0x00000000a0000000,0x00000000a0c149b8,0x00000000a7100000)
 Metaspace       used 34475K, capacity 35406K, committed 35496K, reserved 1079296K
  class space    used 4730K, capacity 4991K, committed 5032K, reserved 1048576K
Event: 3.710 GC heap after
Heap after GC invocations=8 (full 1):
 PSYoungGen      total 112128K, used 9986K [0x00000000e0000000, 0x00000000e7e80000, 0x0000000100000000)
  eden space 98304K, 0% used [0x00000000e0000000,0x00000000e0000000,0x00000000e6000000)
  from space 13824K, 72% used [0x00000000e6000000,0x00000000e69c0b18,0x00000000e6d80000)
  to   space 13312K, 0% used [0x00000000e6d80000,0x00000000e6d80000,0x00000000e7a80000)
 ParOldGen       total 115712K, used 12378K [0x00000000a0000000, 0x00000000a7100000, 0x00000000e0000000)
  object space 115712K, 10% used [0x00000000a0000000,0x00000000a0c169b8,0x00000000a7100000)
 Metaspace       used 34475K, capacity 35406K, committed 35496K, reserved 1079296K
  class space    used 4730K, capacity 4991K, committed 5032K, reserved 1048576K
}
Event: 3.710 GC heap before
{Heap before GC invocations=9 (full 2):
 PSYoungGen      total 112128K, used 9986K [0x00000000e0000000, 0x00000000e7e80000, 0x0000000100000000)
  eden space 98304K, 0% used [0x00000000e0000000,0x00000000e0000000,0x00000000e6000000)
  from space 13824K, 72% used [0x00000000e6000000,0x00000000e69c0b18,0x00000000e6d80000)
  to   space 13312K, 0% used [0x00000000e6d80000,0x00000000e6d80000,0x00000000e7a80000)
 ParOldGen       total 115712K, used 12378K [0x00000000a0000000, 0x00000000a7100000, 0x00000000e0000000)
  object space 115712K, 10% used [0x00000000a0000000,0x00000000a0c169b8,0x00000000a7100000)
 Metaspace       used 34475K, capacity 35406K, committed 35496K, reserved 1079296K
  class space    used 4730K, capacity 4991K, committed 5032K, reserved 1048576K
Event: 3.768 GC heap after
Heap after GC invocations=9 (full 2):
 PSYoungGen      total 112128K, used 0K [0x00000000e0000000, 0x00000000e7e80000, 0x0000000100000000)
  eden space 98304K, 0% used [0x00000000e0000000,0x00000000e0000000,0x00000000e6000000)
  from space 13824K, 0% used [0x00000000e6000000,0x00000000e6000000,0x00000000e6d80000)
  to   space 13312K, 0% used [0x00000000e6d80000,0x00000000e6d80000,0x00000000e7a80000)
 ParOldGen       total 115712K, used 17096K [0x00000000a0000000, 0x00000000a7100000, 0x00000000e0000000)
  object space 115712K, 14% used [0x00000000a0000000,0x00000000a10b2310,0x00000000a7100000)
 Metaspace       used 34450K, capacity 35322K, committed 35496K, reserved 1079296K
  class space    used 4722K, capacity 4977K, committed 5032K, reserved 1048576K
}
Event: 4.448 GC heap before
{Heap before GC invocations=10 (full 2):
 PSYoungGen      total 112128K, used 98304K [0x00000000e0000000, 0x00000000e7e80000, 0x0000000100000000)
  eden space 98304K, 100% used [0x00000000e0000000,0x00000000e6000000,0x00000000e6000000)
  from space 13824K, 0% used [0x00000000e6000000,0x00000000e6000000,0x00000000e6d80000)
  to   space 13312K, 0% used [0x00000000e6d80000,0x00000000e6d80000,0x00000000e7a80000)
 ParOldGen       total 115712K, used 17096K [0x00000000a0000000, 0x00000000a7100000, 0x00000000e0000000)
  object space 115712K, 14% used [0x00000000a0000000,0x00000000a10b2310,0x00000000a7100000)
 Metaspace       used 44197K, capacity 45266K, committed 45736K, reserved 1089536K
  class space    used 5909K, capacity 6244K, committed 6312K, reserved 1048576K
Event: 4.455 GC heap after
Heap after GC invocations=10 (full 2):
 PSYoungGen      total 111616K, used 13289K [0x00000000e0000000, 0x00000000e7e80000, 0x0000000100000000)
  eden space 98304K, 0% used [0x00000000e0000000,0x00000000e0000000,0x00000000e6000000)
  from space 13312K, 99% used [0x00000000e6d80000,0x00000000e7a7a7a0,0x00000000e7a80000)
  to   space 13824K, 0% used [0x00000000e6000000,0x00000000e6000000,0x00000000e6d80000)
 ParOldGen       total 115712K, used 17423K [0x00000000a0000000, 0x00000000a7100000, 0x00000000e0000000)
  object space 115712K, 15% used [0x00000000a0000000,0x00000000a1103e40,0x00000000a7100000)
 Metaspace       used 44197K, capacity 45266K, committed 45736K, reserved 1089536K
  class space    used 5909K, capacity 6244K, committed 6312K, reserved 1048576K
}

